<?xml version="1.0" encoding="UTF-8"?>
<testsuite name="com.ceiba.ceibaparking.integration.ParkingEntranceIntegrationTest" tests="1" skipped="0" failures="1" errors="0" timestamp="2019-02-06T02:36:27" hostname="NELSON-MEJIA" time="0.367">
  <properties/>
  <testcase name="successRegisterParkingEntry" classname="com.ceiba.ceibaparking.integration.ParkingEntranceIntegrationTest" time="0.367">
    <failure message="java.lang.AssertionError: Status expected:&lt;201&gt; but was:&lt;500&gt;" type="java.lang.AssertionError">java.lang.AssertionError: Status expected:&lt;201&gt; but was:&lt;500&gt;
	at org.springframework.test.util.AssertionErrors.fail(AssertionErrors.java:55)
	at org.springframework.test.util.AssertionErrors.assertEquals(AssertionErrors.java:82)
	at org.springframework.test.web.servlet.result.StatusResultMatchers.lambda$matcher$9(StatusResultMatchers.java:619)
	at org.springframework.test.web.servlet.MockMvc$1.andExpect(MockMvc.java:195)
	at com.ceiba.ceibaparking.integration.ParkingEntranceIntegrationTest.successRegisterParkingEntry(ParkingEntranceIntegrationTest.java:75)
	at sun.reflect.NativeMethodAccessorImpl.invoke0(Native Method)
	at sun.reflect.NativeMethodAccessorImpl.invoke(NativeMethodAccessorImpl.java:62)
	at sun.reflect.DelegatingMethodAccessorImpl.invoke(DelegatingMethodAccessorImpl.java:43)
	at java.lang.reflect.Method.invoke(Method.java:498)
	at org.junit.runners.model.FrameworkMethod$1.runReflectiveCall(FrameworkMethod.java:50)
	at org.junit.internal.runners.model.ReflectiveCallable.run(ReflectiveCallable.java:12)
	at org.junit.runners.model.FrameworkMethod.invokeExplosively(FrameworkMethod.java:47)
	at org.junit.internal.runners.statements.InvokeMethod.evaluate(InvokeMethod.java:17)
	at org.springframework.test.context.junit4.statements.RunBeforeTestExecutionCallbacks.evaluate(RunBeforeTestExecutionCallbacks.java:74)
	at org.springframework.test.context.junit4.statements.RunAfterTestExecutionCallbacks.evaluate(RunAfterTestExecutionCallbacks.java:84)
	at org.springframework.test.context.junit4.statements.RunBeforeTestMethodCallbacks.evaluate(RunBeforeTestMethodCallbacks.java:75)
	at org.springframework.test.context.junit4.statements.RunAfterTestMethodCallbacks.evaluate(RunAfterTestMethodCallbacks.java:86)
	at org.springframework.test.context.junit4.statements.SpringRepeat.evaluate(SpringRepeat.java:84)
	at org.junit.runners.ParentRunner.runLeaf(ParentRunner.java:325)
	at org.springframework.test.context.junit4.SpringJUnit4ClassRunner.runChild(SpringJUnit4ClassRunner.java:251)
	at org.springframework.test.context.junit4.SpringJUnit4ClassRunner.runChild(SpringJUnit4ClassRunner.java:97)
	at org.junit.runners.ParentRunner$3.run(ParentRunner.java:290)
	at org.junit.runners.ParentRunner$1.schedule(ParentRunner.java:71)
	at org.junit.runners.ParentRunner.runChildren(ParentRunner.java:288)
	at org.junit.runners.ParentRunner.access$000(ParentRunner.java:58)
	at org.junit.runners.ParentRunner$2.evaluate(ParentRunner.java:268)
	at org.springframework.test.context.junit4.statements.RunBeforeTestClassCallbacks.evaluate(RunBeforeTestClassCallbacks.java:61)
	at org.springframework.test.context.junit4.statements.RunAfterTestClassCallbacks.evaluate(RunAfterTestClassCallbacks.java:70)
	at org.junit.runners.ParentRunner.run(ParentRunner.java:363)
	at org.springframework.test.context.junit4.SpringJUnit4ClassRunner.run(SpringJUnit4ClassRunner.java:190)
	at org.gradle.api.internal.tasks.testing.junit.JUnitTestClassExecutor.runTestClass(JUnitTestClassExecutor.java:106)
	at org.gradle.api.internal.tasks.testing.junit.JUnitTestClassExecutor.execute(JUnitTestClassExecutor.java:58)
	at org.gradle.api.internal.tasks.testing.junit.JUnitTestClassExecutor.execute(JUnitTestClassExecutor.java:38)
	at org.gradle.api.internal.tasks.testing.junit.AbstractJUnitTestClassProcessor.processTestClass(AbstractJUnitTestClassProcessor.java:66)
	at org.gradle.api.internal.tasks.testing.SuiteTestClassProcessor.processTestClass(SuiteTestClassProcessor.java:51)
	at sun.reflect.NativeMethodAccessorImpl.invoke0(Native Method)
	at sun.reflect.NativeMethodAccessorImpl.invoke(NativeMethodAccessorImpl.java:62)
	at sun.reflect.DelegatingMethodAccessorImpl.invoke(DelegatingMethodAccessorImpl.java:43)
	at java.lang.reflect.Method.invoke(Method.java:498)
	at org.gradle.internal.dispatch.ReflectionDispatch.dispatch(ReflectionDispatch.java:35)
	at org.gradle.internal.dispatch.ReflectionDispatch.dispatch(ReflectionDispatch.java:24)
	at org.gradle.internal.dispatch.ContextClassLoaderDispatch.dispatch(ContextClassLoaderDispatch.java:32)
	at org.gradle.internal.dispatch.ProxyDispatchAdapter$DispatchingInvocationHandler.invoke(ProxyDispatchAdapter.java:93)
	at com.sun.proxy.$Proxy2.processTestClass(Unknown Source)
	at org.gradle.api.internal.tasks.testing.worker.TestWorker.processTestClass(TestWorker.java:117)
	at sun.reflect.NativeMethodAccessorImpl.invoke0(Native Method)
	at sun.reflect.NativeMethodAccessorImpl.invoke(NativeMethodAccessorImpl.java:62)
	at sun.reflect.DelegatingMethodAccessorImpl.invoke(DelegatingMethodAccessorImpl.java:43)
	at java.lang.reflect.Method.invoke(Method.java:498)
	at org.gradle.internal.dispatch.ReflectionDispatch.dispatch(ReflectionDispatch.java:35)
	at org.gradle.internal.dispatch.ReflectionDispatch.dispatch(ReflectionDispatch.java:24)
	at org.gradle.internal.remote.internal.hub.MessageHubBackedObjectConnection$DispatchWrapper.dispatch(MessageHubBackedObjectConnection.java:155)
	at org.gradle.internal.remote.internal.hub.MessageHubBackedObjectConnection$DispatchWrapper.dispatch(MessageHubBackedObjectConnection.java:137)
	at org.gradle.internal.remote.internal.hub.MessageHub$Handler.run(MessageHub.java:404)
	at org.gradle.internal.concurrent.ExecutorPolicy$CatchAndRecordFailures.onExecute(ExecutorPolicy.java:63)
	at org.gradle.internal.concurrent.ManagedExecutorImpl$1.run(ManagedExecutorImpl.java:46)
	at java.util.concurrent.ThreadPoolExecutor.runWorker(ThreadPoolExecutor.java:1149)
	at java.util.concurrent.ThreadPoolExecutor$Worker.run(ThreadPoolExecutor.java:624)
	at org.gradle.internal.concurrent.ThreadFactoryImpl$ManagedThreadRunnable.run(ThreadFactoryImpl.java:55)
	at java.lang.Thread.run(Thread.java:748)
</failure>
  </testcase>
  <system-out><![CDATA[21:36:18.524 [Test worker] DEBUG org.springframework.test.context.junit4.SpringJUnit4ClassRunner - SpringJUnit4ClassRunner constructor called with [class com.ceiba.ceibaparking.integration.ParkingEntranceIntegrationTest]
21:36:18.540 [Test worker] DEBUG org.springframework.test.context.BootstrapUtils - Instantiating CacheAwareContextLoaderDelegate from class [org.springframework.test.context.cache.DefaultCacheAwareContextLoaderDelegate]
21:36:18.556 [Test worker] DEBUG org.springframework.test.context.BootstrapUtils - Instantiating BootstrapContext using constructor [public org.springframework.test.context.support.DefaultBootstrapContext(java.lang.Class,org.springframework.test.context.CacheAwareContextLoaderDelegate)]
21:36:18.607 [Test worker] DEBUG org.springframework.test.context.BootstrapUtils - Instantiating TestContextBootstrapper for test class [com.ceiba.ceibaparking.integration.ParkingEntranceIntegrationTest] from class [org.springframework.boot.test.context.SpringBootTestContextBootstrapper]
21:36:18.632 [Test worker] INFO org.springframework.boot.test.context.SpringBootTestContextBootstrapper - Neither @ContextConfiguration nor @ContextHierarchy found for test class [com.ceiba.ceibaparking.integration.ParkingEntranceIntegrationTest], using SpringBootContextLoader
21:36:18.638 [Test worker] DEBUG org.springframework.test.context.support.AbstractContextLoader - Did not detect default resource location for test class [com.ceiba.ceibaparking.integration.ParkingEntranceIntegrationTest]: class path resource [com/ceiba/ceibaparking/integration/ParkingEntranceIntegrationTest-context.xml] does not exist
21:36:18.639 [Test worker] DEBUG org.springframework.test.context.support.AbstractContextLoader - Did not detect default resource location for test class [com.ceiba.ceibaparking.integration.ParkingEntranceIntegrationTest]: class path resource [com/ceiba/ceibaparking/integration/ParkingEntranceIntegrationTestContext.groovy] does not exist
21:36:18.639 [Test worker] INFO org.springframework.test.context.support.AbstractContextLoader - Could not detect default resource locations for test class [com.ceiba.ceibaparking.integration.ParkingEntranceIntegrationTest]: no resource found for suffixes {-context.xml, Context.groovy}.
21:36:18.641 [Test worker] INFO org.springframework.test.context.support.AnnotationConfigContextLoaderUtils - Could not detect default configuration classes for test class [com.ceiba.ceibaparking.integration.ParkingEntranceIntegrationTest]: ParkingEntranceIntegrationTest does not declare any static, non-private, non-final, nested classes annotated with @Configuration.
21:36:18.749 [Test worker] DEBUG org.springframework.test.context.support.ActiveProfilesUtils - Could not find an 'annotation declaring class' for annotation type [org.springframework.test.context.ActiveProfiles] and class [com.ceiba.ceibaparking.integration.ParkingEntranceIntegrationTest]
21:36:18.883 [Test worker] DEBUG org.springframework.context.annotation.ClassPathScanningCandidateComponentProvider - Identified candidate component class: file [C:\Users\nelson.laverde\git2\ceiba-parking\build\classes\java\main\com\ceiba\ceibaparking\CeibaParkingApplication.class]
21:36:18.888 [Test worker] INFO org.springframework.boot.test.context.SpringBootTestContextBootstrapper - Found @SpringBootConfiguration com.ceiba.ceibaparking.CeibaParkingApplication for test class com.ceiba.ceibaparking.integration.ParkingEntranceIntegrationTest
21:36:19.120 [Test worker] DEBUG org.springframework.boot.test.context.SpringBootTestContextBootstrapper - @TestExecutionListeners is not present for class [com.ceiba.ceibaparking.integration.ParkingEntranceIntegrationTest]: using defaults.
21:36:19.120 [Test worker] INFO org.springframework.boot.test.context.SpringBootTestContextBootstrapper - Loaded default TestExecutionListener class names from location [META-INF/spring.factories]: [org.springframework.boot.test.autoconfigure.restdocs.RestDocsTestExecutionListener, org.springframework.boot.test.autoconfigure.web.client.MockRestServiceServerResetTestExecutionListener, org.springframework.boot.test.autoconfigure.web.servlet.MockMvcPrintOnlyOnFailureTestExecutionListener, org.springframework.boot.test.autoconfigure.web.servlet.WebDriverTestExecutionListener, org.springframework.boot.test.mock.mockito.MockitoTestExecutionListener, org.springframework.boot.test.mock.mockito.ResetMocksTestExecutionListener, org.springframework.test.context.web.ServletTestExecutionListener, org.springframework.test.context.support.DirtiesContextBeforeModesTestExecutionListener, org.springframework.test.context.support.DependencyInjectionTestExecutionListener, org.springframework.test.context.support.DirtiesContextTestExecutionListener, org.springframework.test.context.transaction.TransactionalTestExecutionListener, org.springframework.test.context.jdbc.SqlScriptsTestExecutionListener]
21:36:19.155 [Test worker] INFO org.springframework.boot.test.context.SpringBootTestContextBootstrapper - Using TestExecutionListeners: [org.springframework.test.context.web.ServletTestExecutionListener@2dc7e438, org.springframework.test.context.support.DirtiesContextBeforeModesTestExecutionListener@175d74b6, org.springframework.boot.test.mock.mockito.MockitoTestExecutionListener@74100354, org.springframework.boot.test.autoconfigure.SpringBootDependencyInjectionTestExecutionListener@3b6abde1, org.springframework.test.context.support.DirtiesContextTestExecutionListener@291e6890, org.springframework.test.context.transaction.TransactionalTestExecutionListener@551a51c1, org.springframework.test.context.jdbc.SqlScriptsTestExecutionListener@21e4e295, org.springframework.boot.test.autoconfigure.restdocs.RestDocsTestExecutionListener@4f8fd6fd, org.springframework.boot.test.autoconfigure.web.client.MockRestServiceServerResetTestExecutionListener@150f7d74, org.springframework.boot.test.autoconfigure.web.servlet.MockMvcPrintOnlyOnFailureTestExecutionListener@129cb24d, org.springframework.boot.test.autoconfigure.web.servlet.WebDriverTestExecutionListener@146a0ac1, org.springframework.boot.test.mock.mockito.ResetMocksTestExecutionListener@25e30e8f]
21:36:19.162 [Test worker] DEBUG org.springframework.test.annotation.ProfileValueUtils - Retrieved @ProfileValueSourceConfiguration [null] for test class [com.ceiba.ceibaparking.integration.ParkingEntranceIntegrationTest]
21:36:19.163 [Test worker] DEBUG org.springframework.test.annotation.ProfileValueUtils - Retrieved ProfileValueSource type [class org.springframework.test.annotation.SystemProfileValueSource] for class [com.ceiba.ceibaparking.integration.ParkingEntranceIntegrationTest]
21:36:19.164 [Test worker] DEBUG org.springframework.test.annotation.ProfileValueUtils - Retrieved @ProfileValueSourceConfiguration [null] for test class [com.ceiba.ceibaparking.integration.ParkingEntranceIntegrationTest]
21:36:19.164 [Test worker] DEBUG org.springframework.test.annotation.ProfileValueUtils - Retrieved ProfileValueSource type [class org.springframework.test.annotation.SystemProfileValueSource] for class [com.ceiba.ceibaparking.integration.ParkingEntranceIntegrationTest]
21:36:19.171 [Test worker] DEBUG org.springframework.test.context.support.AbstractDirtiesContextTestExecutionListener - Before test class: context [DefaultTestContext@45300bfa testClass = ParkingEntranceIntegrationTest, testInstance = [null], testMethod = [null], testException = [null], mergedContextConfiguration = [WebMergedContextConfiguration@12133580 testClass = ParkingEntranceIntegrationTest, locations = '{}', classes = '{class com.ceiba.ceibaparking.CeibaParkingApplication}', contextInitializerClasses = '[]', activeProfiles = '{}', propertySourceLocations = '{classpath:application.properties}', propertySourceProperties = '{org.springframework.boot.test.context.SpringBootTestContextBootstrapper=true}', contextCustomizers = set[org.springframework.boot.test.autoconfigure.properties.PropertyMappingContextCustomizer@e7e8512, org.springframework.boot.test.autoconfigure.web.servlet.WebDriverContextCustomizerFactory$Customizer@7f42411f, [ImportsContextCustomizer@54f63272 key = [org.springframework.boot.test.autoconfigure.web.servlet.MockMvcAutoConfiguration, org.springframework.boot.test.autoconfigure.web.servlet.MockMvcSecurityAutoConfiguration, org.springframework.boot.test.autoconfigure.web.servlet.MockMvcWebClientAutoConfiguration, org.springframework.boot.test.autoconfigure.web.servlet.MockMvcWebDriverAutoConfiguration]], org.springframework.boot.test.context.filter.ExcludeFilterContextCustomizer@6f12a3be, org.springframework.boot.test.json.DuplicateJsonObjectContextCustomizerFactory$DuplicateJsonObjectContextCustomizer@1cb272cc, org.springframework.boot.test.mock.mockito.MockitoContextCustomizer@0, org.springframework.boot.test.web.client.TestRestTemplateContextCustomizer@19db9ee3], resourceBasePath = 'src/main/webapp', contextLoader = 'org.springframework.boot.test.context.SpringBootContextLoader', parent = [null]], attributes = map['org.springframework.test.context.web.ServletTestExecutionListener.activateListener' -> true]], class annotated with @DirtiesContext [false] with mode [null].
21:36:19.172 [Test worker] DEBUG org.springframework.test.annotation.ProfileValueUtils - Retrieved @ProfileValueSourceConfiguration [null] for test class [com.ceiba.ceibaparking.integration.ParkingEntranceIntegrationTest]
21:36:19.172 [Test worker] DEBUG org.springframework.test.annotation.ProfileValueUtils - Retrieved ProfileValueSource type [class org.springframework.test.annotation.SystemProfileValueSource] for class [com.ceiba.ceibaparking.integration.ParkingEntranceIntegrationTest]
21:36:19.218 [Test worker] DEBUG org.springframework.test.context.support.TestPropertySourceUtils - Adding inlined properties to environment: {spring.jmx.enabled=false, org.springframework.boot.test.context.SpringBootTestContextBootstrapper=true, server.port=-1}

  .   ____          _            __ _ _
 /\\ / ___'_ __ _ _(_)_ __  __ _ \ \ \ \
( ( )\___ | '_ | '_| | '_ \/ _` | \ \ \ \
 \\/  ___)| |_)| | | | | || (_| |  ) ) ) )
  '  |____| .__|_| |_|_| |_\__, | / / / /
 =========|_|==============|___/=/_/_/_/
 :: Spring Boot ::        (v2.1.2.RELEASE)

2019-02-05 21:36:19.728  INFO 9816 --- [    Test worker] c.c.c.i.ParkingEntranceIntegrationTest   : Starting ParkingEntranceIntegrationTest on NELSON-MEJIA with PID 9816 (started by nelson.laverde in C:\Users\nelson.laverde\git2\ceiba-parking)
2019-02-05 21:36:19.730  INFO 9816 --- [    Test worker] c.c.c.i.ParkingEntranceIntegrationTest   : No active profile set, falling back to default profiles: default
2019-02-05 21:36:20.909  INFO 9816 --- [    Test worker] .s.d.r.c.RepositoryConfigurationDelegate : Bootstrapping Spring Data repositories in DEFAULT mode.
2019-02-05 21:36:21.071  INFO 9816 --- [    Test worker] .s.d.r.c.RepositoryConfigurationDelegate : Finished Spring Data repository scanning in 141ms. Found 2 repository interfaces.
2019-02-05 21:36:21.783  INFO 9816 --- [    Test worker] trationDelegate$BeanPostProcessorChecker : Bean 'org.springframework.transaction.annotation.ProxyTransactionManagementConfiguration' of type [org.springframework.transaction.annotation.ProxyTransactionManagementConfiguration$$EnhancerBySpringCGLIB$$cab158a0] is not eligible for getting processed by all BeanPostProcessors (for example: not eligible for auto-proxying)
2019-02-05 21:36:22.097  INFO 9816 --- [    Test worker] com.zaxxer.hikari.HikariDataSource       : HikariPool-1 - Starting...
2019-02-05 21:36:22.428  INFO 9816 --- [    Test worker] com.zaxxer.hikari.HikariDataSource       : HikariPool-1 - Start completed.
2019-02-05 21:36:22.582  INFO 9816 --- [    Test worker] o.hibernate.jpa.internal.util.LogHelper  : HHH000204: Processing PersistenceUnitInfo [
	name: default
	...]
2019-02-05 21:36:22.722  INFO 9816 --- [    Test worker] org.hibernate.Version                    : HHH000412: Hibernate Core {5.3.7.Final}
2019-02-05 21:36:22.724  INFO 9816 --- [    Test worker] org.hibernate.cfg.Environment            : HHH000206: hibernate.properties not found
2019-02-05 21:36:22.983  INFO 9816 --- [    Test worker] o.hibernate.annotations.common.Version   : HCANN000001: Hibernate Commons Annotations {5.0.4.Final}
2019-02-05 21:36:23.257  INFO 9816 --- [    Test worker] org.hibernate.dialect.Dialect            : HHH000400: Using dialect: org.hibernate.dialect.H2Dialect
Hibernate: create table parking_record (id bigint not null, bill_value double not null, entry_date timestamp not null, out_date timestamp, vehicle_id bigint not null, primary key (id))
Hibernate: create table vehicle (id bigint not null, cubic_centimeters integer, license_plate varchar(255) not null, vehicle_type varchar(255) not null, primary key (id))
Hibernate: alter table vehicle drop constraint if exists UK_j5v3su3bdx4bvsk1t9dga4bsq
Hibernate: alter table vehicle add constraint UK_j5v3su3bdx4bvsk1t9dga4bsq unique (license_plate)
Hibernate: create sequence hibernate_sequence start with 1 increment by 1
Hibernate: alter table parking_record add constraint FKr0fm1chd12hsupf3r08y2l315 foreign key (vehicle_id) references vehicle
2019-02-05 21:36:24.695  INFO 9816 --- [    Test worker] j.LocalContainerEntityManagerFactoryBean : Initialized JPA EntityManagerFactory for persistence unit 'default'
2019-02-05 21:36:25.278  INFO 9816 --- [    Test worker] o.h.h.i.QueryTranslatorFactoryInitiator  : HHH000397: Using ASTQueryTranslatorFactory
2019-02-05 21:36:26.510  INFO 9816 --- [    Test worker] o.s.s.concurrent.ThreadPoolTaskExecutor  : Initializing ExecutorService 'applicationTaskExecutor'
2019-02-05 21:36:26.605  WARN 9816 --- [    Test worker] aWebConfiguration$JpaWebMvcConfiguration : spring.jpa.open-in-view is enabled by default. Therefore, database queries may be performed during view rendering. Explicitly configure spring.jpa.open-in-view to disable this warning
2019-02-05 21:36:27.139  INFO 9816 --- [    Test worker] o.s.b.t.m.w.SpringBootMockServletContext : Initializing Spring TestDispatcherServlet ''
2019-02-05 21:36:27.139  INFO 9816 --- [    Test worker] o.s.t.web.servlet.TestDispatcherServlet  : Initializing Servlet ''
2019-02-05 21:36:27.169  INFO 9816 --- [    Test worker] o.s.t.web.servlet.TestDispatcherServlet  : Completed initialization in 30 ms
2019-02-05 21:36:27.202  INFO 9816 --- [    Test worker] c.c.c.i.ParkingEntranceIntegrationTest   : Started ParkingEntranceIntegrationTest in 7.967 seconds (JVM running for 10.108)
Hibernate: call next value for hibernate_sequence
Hibernate: insert into vehicle (cubic_centimeters, license_plate, vehicle_type, id) values (?, ?, ?, ?)
Hibernate: call next value for hibernate_sequence
Hibernate: insert into parking_record (bill_value, entry_date, out_date, vehicle_id, id) values (?, ?, ?, ?, ?)
Hibernate: call next value for hibernate_sequence
Hibernate: insert into vehicle (cubic_centimeters, license_plate, vehicle_type, id) values (?, ?, ?, ?)
Hibernate: call next value for hibernate_sequence
Hibernate: insert into parking_record (bill_value, entry_date, out_date, vehicle_id, id) values (?, ?, ?, ?, ?)
Hibernate: call next value for hibernate_sequence
Hibernate: insert into vehicle (cubic_centimeters, license_plate, vehicle_type, id) values (?, ?, ?, ?)
Hibernate: call next value for hibernate_sequence
Hibernate: insert into parking_record (bill_value, entry_date, out_date, vehicle_id, id) values (?, ?, ?, ?, ?)
Hibernate: call next value for hibernate_sequence
Hibernate: insert into vehicle (cubic_centimeters, license_plate, vehicle_type, id) values (?, ?, ?, ?)
Hibernate: call next value for hibernate_sequence
Hibernate: insert into parking_record (bill_value, entry_date, out_date, vehicle_id, id) values (?, ?, ?, ?, ?)
Hibernate: call next value for hibernate_sequence
Hibernate: insert into vehicle (cubic_centimeters, license_plate, vehicle_type, id) values (?, ?, ?, ?)
Hibernate: call next value for hibernate_sequence
Hibernate: insert into parking_record (bill_value, entry_date, out_date, vehicle_id, id) values (?, ?, ?, ?, ?)
Hibernate: call next value for hibernate_sequence
Hibernate: insert into vehicle (cubic_centimeters, license_plate, vehicle_type, id) values (?, ?, ?, ?)
Hibernate: call next value for hibernate_sequence
Hibernate: insert into parking_record (bill_value, entry_date, out_date, vehicle_id, id) values (?, ?, ?, ?, ?)
Hibernate: call next value for hibernate_sequence
Hibernate: insert into vehicle (cubic_centimeters, license_plate, vehicle_type, id) values (?, ?, ?, ?)
Hibernate: call next value for hibernate_sequence
Hibernate: insert into parking_record (bill_value, entry_date, out_date, vehicle_id, id) values (?, ?, ?, ?, ?)
Hibernate: call next value for hibernate_sequence
Hibernate: insert into vehicle (cubic_centimeters, license_plate, vehicle_type, id) values (?, ?, ?, ?)
Hibernate: call next value for hibernate_sequence
Hibernate: insert into parking_record (bill_value, entry_date, out_date, vehicle_id, id) values (?, ?, ?, ?, ?)
Hibernate: call next value for hibernate_sequence
Hibernate: insert into vehicle (cubic_centimeters, license_plate, vehicle_type, id) values (?, ?, ?, ?)
Hibernate: call next value for hibernate_sequence
Hibernate: insert into parking_record (bill_value, entry_date, out_date, vehicle_id, id) values (?, ?, ?, ?, ?)
Hibernate: call next value for hibernate_sequence
Hibernate: insert into vehicle (cubic_centimeters, license_plate, vehicle_type, id) values (?, ?, ?, ?)
Hibernate: call next value for hibernate_sequence
Hibernate: insert into parking_record (bill_value, entry_date, out_date, vehicle_id, id) values (?, ?, ?, ?, ?)
Hibernate: select vehicleent0_.id as id1_1_, vehicleent0_.cubic_centimeters as cubic_ce2_1_, vehicleent0_.license_plate as license_3_1_, vehicleent0_.vehicle_type as vehicle_4_1_ from vehicle vehicleent0_ where vehicleent0_.license_plate=?
Hibernate: call next value for hibernate_sequence
Hibernate: insert into vehicle (cubic_centimeters, license_plate, vehicle_type, id) values (?, ?, ?, ?)
Hibernate: select parkingrec0_.id as id1_0_, parkingrec0_.bill_value as bill_val2_0_, parkingrec0_.entry_date as entry_da3_0_, parkingrec0_.out_date as out_date4_0_, parkingrec0_.vehicle_id as vehicle_5_0_ from parking_record parkingrec0_ inner join vehicle vehicleent1_ on parkingrec0_.vehicle_id=vehicleent1_.id where (parkingrec0_.out_date is null) and vehicleent1_.id=?
Hibernate: select count(parkingrec0_.id) as col_0_0_ from parking_record parkingrec0_ cross join vehicle vehicleent1_ where parkingrec0_.vehicle_id=vehicleent1_.id and vehicleent1_.vehicle_type=? and (parkingrec0_.out_date is null)

MockHttpServletRequest:
      HTTP Method = POST
      Request URI = /parkingRecordService/registerParkingEntrance
       Parameters = {}
          Headers = [Content-Type:"application/json;charset=UTF-8"]
             Body = {"entryDate":1549420587392,"outDate":null,"billValue":0.0,"vehicle":{"licensePlate":"JKL999","cubicCentimeters":150,"vehicleType":"MOTORBYKE"}}
    Session Attrs = {}

Handler:
             Type = com.ceiba.ceibaparking.controller.ParkingEntranceController
           Method = public org.springframework.http.ResponseEntity<com.ceiba.ceibaparking.dto.ResponseDTO> com.ceiba.ceibaparking.controller.ParkingEntranceController.registerParkingEntrance(com.ceiba.ceibaparking.domain.ParkingRecordDomain)

Async:
    Async started = false
     Async result = null

Resolved Exception:
             Type = null

ModelAndView:
        View name = null
             View = null
            Model = null

FlashMap:
       Attributes = null

MockHttpServletResponse:
           Status = 500
    Error message = null
          Headers = [Content-Type:"application/json;charset=UTF-8"]
     Content type = application/json;charset=UTF-8
             Body = {"responseCode":"01","responseMessage":"No existen espacios disponibles para el tipo de vehiculo.","parkingRecordDomain":null}
    Forwarded URL = null
   Redirected URL = null
          Cookies = []
]]></system-out>
  <system-err><![CDATA[]]></system-err>
</testsuite>
